action: py3-ansiblelatest-fedora30, msg: getenv
cwd: /Users/punnapop/Desktop/Opsta's Work/opsta-playbook(standalone)/ansible-gitlab/.tox
cmd: /Users/punnapop/.virtualenvs/ansible/bin/python -m virtualenv --no-download --python /Users/punnapop/.virtualenvs/ansible/bin/python py3-ansiblelatest-fedora30
Traceback (most recent call last):
  File "/Library/Frameworks/Python.framework/Versions/3.8/lib/python3.8/runpy.py", line 185, in _run_module_as_main
    mod_name, mod_spec, code = _get_module_details(mod_name, _Error)
  File "/Library/Frameworks/Python.framework/Versions/3.8/lib/python3.8/runpy.py", line 144, in _get_module_details
    return _get_module_details(pkg_main_name, error)
  File "/Library/Frameworks/Python.framework/Versions/3.8/lib/python3.8/runpy.py", line 111, in _get_module_details
    __import__(pkg_name)
  File "/Users/punnapop/.virtualenvs/ansible/lib/python3.8/site-packages/virtualenv/__init__.py", line 3, in <module>
    from .run import cli_run
  File "/Users/punnapop/.virtualenvs/ansible/lib/python3.8/site-packages/virtualenv/run/__init__.py", line 5, in <module>
    from virtualenv.run.app_data import AppDataAction
  File "/Users/punnapop/.virtualenvs/ansible/lib/python3.8/site-packages/virtualenv/run/app_data.py", line 8, in <module>
    from virtualenv.util.lock import ReentrantFileLock
  File "/Users/punnapop/.virtualenvs/ansible/lib/python3.8/site-packages/virtualenv/util/lock.py", line 11, in <module>
    from virtualenv.util.path import Path
  File "/Users/punnapop/.virtualenvs/ansible/lib/python3.8/site-packages/virtualenv/util/path/__init__.py", line 3, in <module>
    from ._pathlib import Path
  File "/Users/punnapop/.virtualenvs/ansible/lib/python3.8/site-packages/virtualenv/util/path/_pathlib/__init__.py", line 8, in <module>
    from pathlib import Path
  File "/Library/Frameworks/Python.framework/Versions/3.8/lib/python3.8/pathlib.py", line 13, in <module>
    from urllib.parse import quote_from_bytes as urlquote_from_bytes
  File "<frozen importlib._bootstrap>", line 991, in _find_and_load
  File "<frozen importlib._bootstrap>", line 975, in _find_and_load_unlocked
  File "<frozen importlib._bootstrap>", line 671, in _load_unlocked
  File "<frozen importlib._bootstrap_external>", line 779, in exec_module
  File "<frozen importlib._bootstrap_external>", line 911, in get_code
  File "<frozen importlib._bootstrap_external>", line 580, in _compile_bytecode
KeyboardInterrupt
